<?xml version="1.0" encoding="UTF-8"?>
<testng-results ignored="0" total="1" passed="1" failed="0" skipped="0">
  <reporter-output>
  </reporter-output>
  <suite started-at="2019-08-27T04:11:19Z" name="Default suite" finished-at="2019-08-27T04:11:49Z" duration-ms="30543">
    <groups>
    </groups>
    <test started-at="2019-08-27T04:11:19Z" name="Default test" finished-at="2019-08-27T04:11:49Z" duration-ms="30543">
      <class name="com.training.sanity.tests.DeleteproductTest">
        <test-method is-config="true" signature="setUpBeforeClass()[pri:0, instance:com.training.sanity.tests.DeleteproductTest@4f638935]" started-at="2019-08-27T04:11:19Z" name="setUpBeforeClass" finished-at="2019-08-27T04:11:19Z" duration-ms="20" status="PASS">
          <reporter-output>
          </reporter-output>
        </test-method> <!-- setUpBeforeClass -->
        <test-method is-config="true" signature="setUp()[pri:0, instance:com.training.sanity.tests.DeleteproductTest@4f638935]" started-at="2019-08-27T04:11:19Z" name="setUp" finished-at="2019-08-27T04:11:36Z" duration-ms="17626" status="PASS">
          <reporter-output>
          </reporter-output>
        </test-method> <!-- setUp -->
        <test-method signature="validLoginTest()[pri:1, instance:com.training.sanity.tests.DeleteproductTest@4f638935]" started-at="2019-08-27T04:11:36Z" name="validLoginTest" finished-at="2019-08-27T04:11:48Z" duration-ms="11867" status="PASS">
          <reporter-output>
          </reporter-output>
        </test-method> <!-- validLoginTest -->
        <test-method is-config="true" signature="tearDown()[pri:0, instance:com.training.sanity.tests.DeleteproductTest@4f638935]" started-at="2019-08-27T04:11:48Z" name="tearDown" finished-at="2019-08-27T04:11:49Z" duration-ms="1000" status="PASS">
          <reporter-output>
          </reporter-output>
        </test-method> <!-- tearDown -->
      </class> <!-- com.training.sanity.tests.DeleteproductTest -->
    </test> <!-- Default test -->
  </suite> <!-- Default suite -->
</testng-results>
